Using pre-set license
Built from '2021.3/staging' branch; Version is '2021.3.3f1 (af2e63e8f9bd) revision 11480675'; Using compiler version '192829333'; Build Type 'Release'
OS: 'Windows 10  (10.0.19044) 64bit Professional' Language: 'en' Physical Memory: 16298 MB
BatchMode: 1, IsHumanControllingUs: 0, StartBugReporterOnCrash: 0, Is64bit: 1, IsPro: 1

COMMAND LINE ARGUMENTS:
C:\Program Files\Unity\Hub\Editor\2021.3.3f1\Editor\Unity.exe
-adb2
-batchMode
-noUpm
-name
AssetImportWorker2
-projectPath
D:/School/GAME 312/Lab 1 - Bobblehead Wars 2022
-logFile
Logs/AssetImportWorker2.log
-srvPort
63563
Successfully changed project path to: D:/School/GAME 312/Lab 1 - Bobblehead Wars 2022
D:/School/GAME 312/Lab 1 - Bobblehead Wars 2022
[UnityMemory] Configuration Parameters - Can be set up in boot.config
    "memorysetup-bucket-allocator-granularity=16"
    "memorysetup-bucket-allocator-bucket-count=8"
    "memorysetup-bucket-allocator-block-size=33554432"
    "memorysetup-bucket-allocator-block-count=8"
    "memorysetup-main-allocator-block-size=16777216"
    "memorysetup-thread-allocator-block-size=16777216"
    "memorysetup-gfx-main-allocator-block-size=16777216"
    "memorysetup-gfx-thread-allocator-block-size=16777216"
    "memorysetup-cache-allocator-block-size=4194304"
    "memorysetup-typetree-allocator-block-size=2097152"
    "memorysetup-profiler-bucket-allocator-granularity=16"
    "memorysetup-profiler-bucket-allocator-bucket-count=8"
    "memorysetup-profiler-bucket-allocator-block-size=33554432"
    "memorysetup-profiler-bucket-allocator-block-count=8"
    "memorysetup-profiler-allocator-block-size=16777216"
    "memorysetup-profiler-editor-allocator-block-size=1048576"
    "memorysetup-temp-allocator-size-main=16777216"
    "memorysetup-job-temp-allocator-block-size=2097152"
    "memorysetup-job-temp-allocator-block-size-background=1048576"
    "memorysetup-job-temp-allocator-reduction-small-platforms=262144"
    "memorysetup-temp-allocator-size-background-worker=32768"
    "memorysetup-temp-allocator-size-job-worker=262144"
    "memorysetup-temp-allocator-size-preload-manager=33554432"
    "memorysetup-temp-allocator-size-nav-mesh-worker=65536"
    "memorysetup-temp-allocator-size-audio-worker=65536"
    "memorysetup-temp-allocator-size-cloud-worker=32768"
    "memorysetup-temp-allocator-size-gi-baking-worker=262144"
    "memorysetup-temp-allocator-size-gfx=262144"
Refreshing native plugins compatible for Editor in 58.14 ms, found 3 plugins.
Preloading 0 native plugins for Editor in 0.00 ms.
Initialize engine version: 2021.3.3f1 (af2e63e8f9bd)
[Subsystems] Discovering subsystems at path C:/Program Files/Unity/Hub/Editor/2021.3.3f1/Editor/Data/Resources/UnitySubsystems
[Subsystems] Discovering subsystems at path D:/School/GAME 312/Lab 1 - Bobblehead Wars 2022/Assets
GfxDevice: creating device client; threaded=0; jobified=0
Direct3D:
    Version:  Direct3D 11.0 [level 11.1]
    Renderer: AMD Radeon RX 6700 XT (ID=0x73df)
    Vendor:   ATI
    VRAM:     12243 MB
    Driver:   30.0.15002.1004
Initialize mono
Mono path[0] = 'C:/Program Files/Unity/Hub/Editor/2021.3.3f1/Editor/Data/Managed'
Mono path[1] = 'C:/Program Files/Unity/Hub/Editor/2021.3.3f1/Editor/Data/MonoBleedingEdge/lib/mono/unityjit-win32'
Mono config path = 'C:/Program Files/Unity/Hub/Editor/2021.3.3f1/Editor/Data/MonoBleedingEdge/etc'
Using monoOptions --debugger-agent=transport=dt_socket,embedding=1,server=y,suspend=n,address=127.0.0.1:56248
Begin MonoManager ReloadAssembly
Registering precompiled unity dll's ...
Register platform support module: C:/Program Files/Unity/Hub/Editor/2021.3.3f1/Editor/Data/PlaybackEngines/WindowsStandaloneSupport/UnityEditor.WindowsStandalone.Extensions.dll
Registered in 0.007550 seconds.
Native extension for WindowsStandalone target not found
Refreshing native plugins compatible for Editor in 61.56 ms, found 3 plugins.
Preloading 0 native plugins for Editor in 0.00 ms.
Mono: successfully reloaded assembly
- Completed reload, in  0.529 seconds
Domain Reload Profiling:
	ReloadAssembly (530ms)
		BeginReloadAssembly (67ms)
			ExecutionOrderSort (0ms)
			DisableScriptedObjects (0ms)
			BackupInstance (0ms)
			ReleaseScriptingObjects (0ms)
			CreateAndSetChildDomain (1ms)
		EndReloadAssembly (369ms)
			LoadAssemblies (65ms)
			RebuildTransferFunctionScriptingTraits (0ms)
			SetupTypeCache (85ms)
			ReleaseScriptCaches (0ms)
			RebuildScriptCaches (23ms)
			SetupLoadedEditorAssemblies (217ms)
				LogAssemblyErrors (0ms)
				InitializePlatformSupportModulesInManaged (6ms)
				SetLoadedEditorAssemblies (0ms)
				RefreshPlugins (62ms)
				BeforeProcessingInitializeOnLoad (1ms)
				ProcessInitializeOnLoadAttributes (112ms)
				ProcessInitializeOnLoadMethodAttributes (36ms)
				AfterProcessingInitializeOnLoad (0ms)
				EditorAssembliesLoaded (0ms)
			ExecutionOrderSort2 (0ms)
			AwakeInstancesAfterBackupRestoration (0ms)
Platform modules already initialized, skipping
Registering precompiled user dll's ...
Registered in 0.002757 seconds.
Begin MonoManager ReloadAssembly
Symbol file LoadedFromMemory doesn't match image D:\School\GAME 312\Lab 1 - Bobblehead Wars 2022\Library\PackageCache\com.unity.visualscripting@1.7.6\Editor\VisualScripting.Core\Dependencies\YamlDotNet\Unity.VisualScripting.YamlDotNet.dll
Symbol file LoadedFromMemory doesn't match image D:\School\GAME 312\Lab 1 - Bobblehead Wars 2022\Library\PackageCache\com.unity.visualscripting@1.7.6\Editor\VisualScripting.Core\Dependencies\DotNetZip\Unity.VisualScripting.IonicZip.dll
Native extension for WindowsStandalone target not found
Refreshing native plugins compatible for Editor in 0.50 ms, found 3 plugins.
Preloading 0 native plugins for Editor in 0.00 ms.
Mono: successfully reloaded assembly
- Completed reload, in  0.831 seconds
Domain Reload Profiling:
	ReloadAssembly (832ms)
		BeginReloadAssembly (105ms)
			ExecutionOrderSort (0ms)
			DisableScriptedObjects (5ms)
			BackupInstance (0ms)
			ReleaseScriptingObjects (0ms)
			CreateAndSetChildDomain (20ms)
		EndReloadAssembly (631ms)
			LoadAssemblies (68ms)
			RebuildTransferFunctionScriptingTraits (0ms)
			SetupTypeCache (188ms)
			ReleaseScriptCaches (1ms)
			RebuildScriptCaches (47ms)
			SetupLoadedEditorAssemblies (299ms)
				LogAssemblyErrors (0ms)
				InitializePlatformSupportModulesInManaged (6ms)
				SetLoadedEditorAssemblies (0ms)
				RefreshPlugins (1ms)
				BeforeProcessingInitializeOnLoad (68ms)
				ProcessInitializeOnLoadAttributes (191ms)
				ProcessInitializeOnLoadMethodAttributes (24ms)
				AfterProcessingInitializeOnLoad (8ms)
				EditorAssembliesLoaded (0ms)
			ExecutionOrderSort2 (0ms)
			AwakeInstancesAfterBackupRestoration (6ms)
Platform modules already initialized, skipping
========================================================================
Worker process is ready to serve import requests
Launched and connected shader compiler UnityShaderCompiler.exe after 0.05 seconds
Refreshing native plugins compatible for Editor in 0.86 ms, found 3 plugins.
Preloading 0 native plugins for Editor in 0.00 ms.
Unloading 3241 Unused Serialized files (Serialized files now loaded: 0)
Unloading 23 unused Assets / (56.0 KB). Loaded Objects now: 3701.
Memory consumption went from 111.4 MB to 111.3 MB.
Total: 3.129200 ms (FindLiveObjects: 0.259100 ms CreateObjectMapping: 0.179100 ms MarkObjects: 2.615000 ms  DeleteObjects: 0.075300 ms)

AssetImportParameters requested are different than current active one (requested -> active):
  custom:video-decoder-ogg-theora: a1e56fd34408186e4bbccfd4996cb3dc -> 
  custom:container-muxer-webm: aa71ff27fc2769a1b78a27578f13a17b -> 
  custom:container-demuxer-webm: 4f35f7cbe854078d1ac9338744f61a02 -> 
  custom:video-encoder-webm-vp8: eb34c28f22e8b96e1ab97ce403110664 -> 
  custom:audio-encoder-webm-vorbis: bf7c407c2cedff20999df2af8eb42d56 -> 
  custom:framework-win-MediaFoundation: 216162199b28c13a410421893ffa2e32 -> 
  custom:container-demuxer-ogg: 62fdf1f143b41e24485cea50d1cbac27 -> 
  custom:video-decoder-webm-vp8: 9c59270c3fd7afecdb556c50c9e8de78 -> 
  custom:audio-decoder-ogg-vorbis: bf7c407c2cedff20999df2af8eb42d56 -> 
========================================================================
Received Import Request.
  Time since last request: 801484.730196 seconds.
  path: Assets/Prefabs/Alien.prefab
  artifactKey: Guid(aba47df4e303e0f448fc1defe34c4002) Importer(815301076,1909f56bfc062723c751e8b465ee728b)
Start importing Assets/Prefabs/Alien.prefab using Guid(aba47df4e303e0f448fc1defe34c4002) Importer(815301076,1909f56bfc062723c751e8b465ee728b)  -> (artifact id: '91789dc29427beb5660e3e64464f40cc') in 1.255999 seconds 
========================================================================
Received Import Request.
  Time since last request: 0.000067 seconds.
  path: Assets/Prefabs/MarineDeathParticles.prefab
  artifactKey: Guid(166b5f35267b23d418446eb9650c0efc) Importer(815301076,1909f56bfc062723c751e8b465ee728b)
Start importing Assets/Prefabs/MarineDeathParticles.prefab using Guid(166b5f35267b23d418446eb9650c0efc) Importer(815301076,1909f56bfc062723c751e8b465ee728b)  -> (artifact id: '449d1070fdcb80effdbc460f413b9d68') in 0.126548 seconds 
========================================================================
Received Import Request.
  Time since last request: 3318.340055 seconds.
  path: Assets/Prefabs
  artifactKey: Guid(d4133bc7d7cc95a4bbfe78f6f9acc047) Importer(815301076,1909f56bfc062723c751e8b465ee728b)
Start importing Assets/Prefabs using Guid(d4133bc7d7cc95a4bbfe78f6f9acc047) Importer(815301076,1909f56bfc062723c751e8b465ee728b)  -> (artifact id: 'a68722cbf0cd0c8d10f59f41ff9aa750') in 0.026618 seconds 
========================================================================
Received Import Request.
  Time since last request: 9.739476 seconds.
  path: Assets/Prefabs/BobbleArena-Column.prefab
  artifactKey: Guid(3dc7b834fa9a40d48ac53470ce381fcf) Importer(815301076,1909f56bfc062723c751e8b465ee728b)
Start importing Assets/Prefabs/BobbleArena-Column.prefab using Guid(3dc7b834fa9a40d48ac53470ce381fcf) Importer(815301076,1909f56bfc062723c751e8b465ee728b)  -> (artifact id: 'dcbd5906cb62620ff767813f33aefae3') in 0.107716 seconds 
========================================================================
Received Import Request.
  Time since last request: 992.416384 seconds.
  path: Assets/Prefabs/BobbleArena-Column.prefab
  artifactKey: Guid(3dc7b834fa9a40d48ac53470ce381fcf) Importer(815301076,1909f56bfc062723c751e8b465ee728b)
Start importing Assets/Prefabs/BobbleArena-Column.prefab using Guid(3dc7b834fa9a40d48ac53470ce381fcf) Importer(815301076,1909f56bfc062723c751e8b465ee728b)  -> (artifact id: 'ecc449ef1879448fcf0451a0cb874b36') in 0.039820 seconds 
========================================================================
Received Import Request.
  Time since last request: 113439.864027 seconds.
  path: Assets/Models/BobbleArena-Column.blend
  artifactKey: Guid(7efbd8df4f8f248a58d8a33c88abe034) Importer(815301076,1909f56bfc062723c751e8b465ee728b)
Start importing Assets/Models/BobbleArena-Column.blend using Guid(7efbd8df4f8f248a58d8a33c88abe034) Importer(815301076,1909f56bfc062723c751e8b465ee728b)  -> (artifact id: '9a5971666473ad570f90cc100189c2ad') in 0.114624 seconds 
========================================================================
Received Import Request.
  Time since last request: 0.709945 seconds.
  path: Assets/Models/Materials/BobbleEnemy-Head-Main Texture.mat
  artifactKey: Guid(d00558141d68a4039be132c31ed29a24) Importer(815301076,1909f56bfc062723c751e8b465ee728b)
Start importing Assets/Models/Materials/BobbleEnemy-Head-Main Texture.mat using Guid(d00558141d68a4039be132c31ed29a24) Importer(815301076,1909f56bfc062723c751e8b465ee728b)  -> (artifact id: '122cfbd85adc2d95c74c45ad26d64326') in 0.071078 seconds 
========================================================================
Received Import Request.
  Time since last request: 0.000021 seconds.
  path: Assets/Models/Materials/Main_Material__Bobble_Wars_Marine_texture_psd.mat
  artifactKey: Guid(555920f7ad7a34fdf84e852febb03f75) Importer(815301076,1909f56bfc062723c751e8b465ee728b)
Start importing Assets/Models/Materials/Main_Material__Bobble_Wars_Marine_texture_psd.mat using Guid(555920f7ad7a34fdf84e852febb03f75) Importer(815301076,1909f56bfc062723c751e8b465ee728b)  -> (artifact id: '89d1c851af5893260092924353cf06b3') in 0.068613 seconds 
========================================================================
Received Import Request.
  Time since last request: 4554.855412 seconds.
  path: Assets/Presets
  artifactKey: Guid(1072cabec949c7a4c8f0d754cd4e87f8) Importer(815301076,1909f56bfc062723c751e8b465ee728b)
Start importing Assets/Presets using Guid(1072cabec949c7a4c8f0d754cd4e87f8) Importer(815301076,1909f56bfc062723c751e8b465ee728b)  -> (artifact id: '5258a57e7b0c453f50c13b0536e657de') in 0.005273 seconds 
========================================================================
Received Import Request.
  Time since last request: 171.241791 seconds.
  path: Assets/Presets/Kinematic.preset
  artifactKey: Guid(188e6a8d8e9c69244bc3d38b782407a9) Importer(815301076,1909f56bfc062723c751e8b465ee728b)
Start importing Assets/Presets/Kinematic.preset using Guid(188e6a8d8e9c69244bc3d38b782407a9) Importer(815301076,1909f56bfc062723c751e8b465ee728b)  -> (artifact id: '3b34fe0e5d52aab014ba3c169e24aba8') in 0.021336 seconds 
========================================================================
Received Import Request.
  Time since last request: 455.705908 seconds.
  path: Assets/Scenes
  artifactKey: Guid(4f704ae4b4f98ae41a0bce26658850c1) Importer(815301076,1909f56bfc062723c751e8b465ee728b)
Start importing Assets/Scenes using Guid(4f704ae4b4f98ae41a0bce26658850c1) Importer(815301076,1909f56bfc062723c751e8b465ee728b)  -> (artifact id: 'cefd756a7c575ccc44c568131cef5c36') in 0.016009 seconds 
========================================================================
Received Import Request.
  Time since last request: 0.846811 seconds.
  path: Assets/Sounds
  artifactKey: Guid(3972693e5383c3c47ad9a87653be32ce) Importer(815301076,1909f56bfc062723c751e8b465ee728b)
Start importing Assets/Sounds using Guid(3972693e5383c3c47ad9a87653be32ce) Importer(815301076,1909f56bfc062723c751e8b465ee728b)  -> (artifact id: 'f191e24f2ec52268e1651350016a7bc4') in 0.012685 seconds 
========================================================================
Received Import Request.
  Time since last request: 160.479546 seconds.
  path: Assets/Scripts/PlayerController.cs
  artifactKey: Guid(b3fca8f172a6bc14b84d18a8c40b9072) Importer(815301076,1909f56bfc062723c751e8b465ee728b)
Start importing Assets/Scripts/PlayerController.cs using Guid(b3fca8f172a6bc14b84d18a8c40b9072) Importer(815301076,1909f56bfc062723c751e8b465ee728b)  -> (artifact id: 'aa8c4d81188e59819a7eb3f2c9a861ce') in 0.046625 seconds 
========================================================================
Received Prepare
Registering precompiled user dll's ...
Registered in 0.003076 seconds.
Begin MonoManager ReloadAssembly
Symbol file LoadedFromMemory doesn't match image D:\School\GAME 312\Lab 1 - Bobblehead Wars 2022\Library\PackageCache\com.unity.visualscripting@1.7.6\Editor\VisualScripting.Core\Dependencies\YamlDotNet\Unity.VisualScripting.YamlDotNet.dll
Symbol file LoadedFromMemory doesn't match image D:\School\GAME 312\Lab 1 - Bobblehead Wars 2022\Library\PackageCache\com.unity.visualscripting@1.7.6\Editor\VisualScripting.Core\Dependencies\DotNetZip\Unity.VisualScripting.IonicZip.dll
Native extension for WindowsStandalone target not found
Refreshing native plugins compatible for Editor in 0.51 ms, found 3 plugins.
Preloading 0 native plugins for Editor in 0.00 ms.
Mono: successfully reloaded assembly
- Completed reload, in  0.823 seconds
Domain Reload Profiling:
	ReloadAssembly (825ms)
		BeginReloadAssembly (233ms)
			ExecutionOrderSort (0ms)
			DisableScriptedObjects (11ms)
			BackupInstance (0ms)
			ReleaseScriptingObjects (0ms)
			CreateAndSetChildDomain (115ms)
		EndReloadAssembly (520ms)
			LoadAssemblies (84ms)
			RebuildTransferFunctionScriptingTraits (0ms)
			SetupTypeCache (161ms)
			ReleaseScriptCaches (2ms)
			RebuildScriptCaches (34ms)
			SetupLoadedEditorAssemblies (239ms)
				LogAssemblyErrors (0ms)
				InitializePlatformSupportModulesInManaged (10ms)
				SetLoadedEditorAssemblies (1ms)
				RefreshPlugins (1ms)
				BeforeProcessingInitializeOnLoad (60ms)
				ProcessInitializeOnLoadAttributes (141ms)
				ProcessInitializeOnLoadMethodAttributes (19ms)
				AfterProcessingInitializeOnLoad (7ms)
				EditorAssembliesLoaded (0ms)
			ExecutionOrderSort2 (0ms)
			AwakeInstancesAfterBackupRestoration (4ms)
Platform modules already initialized, skipping
Refreshing native plugins compatible for Editor in 1.40 ms, found 3 plugins.
Preloading 0 native plugins for Editor in 0.00 ms.
Unloading 3236 Unused Serialized files (Serialized files now loaded: 0)
Unloading 18 unused Assets / (25.6 KB). Loaded Objects now: 3750.
Memory consumption went from 128.7 MB to 128.7 MB.
Total: 3.595800 ms (FindLiveObjects: 0.224600 ms CreateObjectMapping: 0.147900 ms MarkObjects: 3.192400 ms  DeleteObjects: 0.030200 ms)

AssetImportParameters requested are different than current active one (requested -> active):
  custom:video-decoder-ogg-theora: a1e56fd34408186e4bbccfd4996cb3dc -> 
  custom:container-muxer-webm: aa71ff27fc2769a1b78a27578f13a17b -> 
  custom:container-demuxer-webm: 4f35f7cbe854078d1ac9338744f61a02 -> 
  custom:video-encoder-webm-vp8: eb34c28f22e8b96e1ab97ce403110664 -> 
  custom:audio-encoder-webm-vorbis: bf7c407c2cedff20999df2af8eb42d56 -> 
  custom:framework-win-MediaFoundation: 216162199b28c13a410421893ffa2e32 -> 
  custom:container-demuxer-ogg: 62fdf1f143b41e24485cea50d1cbac27 -> 
  custom:video-decoder-webm-vp8: 9c59270c3fd7afecdb556c50c9e8de78 -> 
  custom:audio-decoder-ogg-vorbis: bf7c407c2cedff20999df2af8eb42d56 -> 
